STAR version=2.7.9a
STAR compilation time,server,dir= :/Users/cshl/data/STAR/STAR/source
##### Command Line:
./STAR --runThreadN 4 --runMode genomeGenerate --genomeDir starIndex --genomeFastaFiles reference_genome/ref_genome.fasta --sjdbGTFtagExonParentTranscript reference_genome/GCF_009858895.2_ASM985889v3_genomic.gff --genomeSAindexNbases 6
##### Initial USER parameters from Command Line:
###### All USER parameters from Command Line:
runThreadN                    4     ~RE-DEFINED
runMode                       genomeGenerate        ~RE-DEFINED
genomeDir                     starIndex     ~RE-DEFINED
genomeFastaFiles              reference_genome/ref_genome.fasta        ~RE-DEFINED
sjdbGTFtagExonParentTranscriptreference_genome/GCF_009858895.2_ASM985889v3_genomic.gff     ~RE-DEFINED
genomeSAindexNbases           6     ~RE-DEFINED
##### Finished reading parameters from all sources

##### Final user re-defined parameters-----------------:
runMode                           genomeGenerate   
runThreadN                        4
genomeDir                         starIndex
genomeFastaFiles                  reference_genome/ref_genome.fasta   
genomeSAindexNbases               6
sjdbGTFtagExonParentTranscript    reference_genome/GCF_009858895.2_ASM985889v3_genomic.gff

-------------------------------
##### Final effective command line:
./STAR   --runMode genomeGenerate      --runThreadN 4   --genomeDir starIndex   --genomeFastaFiles reference_genome/ref_genome.fasta      --genomeSAindexNbases 6   --sjdbGTFtagExonParentTranscript reference_genome/GCF_009858895.2_ASM985889v3_genomic.gff
----------------------------------------

Number of fastq files for each mate = 1
ParametersSolo: --soloCellFilterType CellRanger2.2 filtering parameters:  3000 0.99 10
Finished loading and checking parameters
--genomeDir directory exists and will be overwritten: starIndex/
May 28 01:06:08 ... starting to generate Genome files
reference_genome/ref_genome.fasta : chr # 0  "NC_045512.2" chrStart: 0
Chromosome sequence lengths: 
NC_045512.2	29903
Genome sequence total length = 29903
Genome size with padding = 262144
Estimated genome size with padding and SJs: total=genome+SJ=201262144 = 262144 + 201000000
GstrandBit=32
Number of SA indices: 59806
May 28 01:06:08 ... starting to sort Suffix Array. This may take a long time...
Number of chunks: 4;   chunks size limit: 159480 bytes
May 28 01:06:08 ... sorting Suffix Array chunks and saving them to disk...
Writing 4648 bytes into starIndex//SA_3 ; empty space on disk = 38779593162752 bytes ... done
Writing 157120 bytes into starIndex//SA_2 ; empty space on disk = 38779591065600 bytes ... done
Writing 157624 bytes into starIndex//SA_0 ; empty space on disk = 38779550171136 bytes ... done
Writing 159056 bytes into starIndex//SA_1 ; empty space on disk = 38779509276672 bytes ... done
May 28 01:06:08 ... loading chunks from disk, packing SA...
May 28 01:06:08 ... finished generating suffix array
May 28 01:06:08 ... generating Suffix Array index
May 28 01:06:08 ... completed Suffix Array index
May 28 01:06:08 ... writing Genome to disk ...
Writing 262144 bytes into starIndex//Genome ; empty space on disk = 38779660271616 bytes ... done
SA size in bytes: 246703
May 28 01:06:08 ... writing Suffix Array to disk ...
Writing 246703 bytes into starIndex//SA ; empty space on disk = 38779657125888 bytes ... done
May 28 01:06:08 ... writing SAindex to disk
Writing 8 bytes into starIndex//SAindex ; empty space on disk = 39180458524672 bytes ... done
Writing 56 bytes into starIndex//SAindex ; empty space on disk = 39180458524672 bytes ... done
Writing 23891 bytes into starIndex//SAindex ; empty space on disk = 39180458524672 bytes ... done
May 28 01:06:08 ..... finished successfully
DONE: Genome generation, EXITING
